12-07-2019 09:17 : DTC Install error = 0, Enter MsDtcAdvancedInstaller::Configure, base\wcp\plugins\msdtc\msdtcadvancedinstaller\msdtcadvancedinstaller.cpp (367)
12-07-2019 09:17 : DTC Install error = 0, Action: None, base\wcp\plugins\msdtc\msdtcadvancedinstaller\msdtcadvancedinstaller.cpp (396)
12-07-2019 09:17 : DTC Install error = 0, Entering CreateXATmSecurityKeyCNG, base\wcp\plugins\msdtc\msdtcadvancedinstaller\msdtcadvancedinstaller.cpp (1700)
12-07-2019 09:17 : DTC Install error = 0, Exiting CreateXATmSecurityKeyCNG, base\wcp\plugins\msdtc\msdtcadvancedinstaller\msdtcadvancedinstaller.cpp (1876)
12-07-2019 09:17 : DTC Install error = 0, Exit MsDtcAdvancedInstaller::Configure, base\wcp\plugins\msdtc\msdtcadvancedinstaller\msdtcadvancedinstaller.cpp (454)
11-27-2020 10:42 : DTC Install error = 0, SysPrepDtcSpecialize : Enter, com\complus\dtc\dtc\adme\deployment.cpp (2099) 
11-27-2020 10:42 : DTC Install error = 0, SysPrepDtcGeneralize : Enter, com\complus\dtc\dtc\adme\deployment.cpp (2010) 
11-27-2020 10:42 : DTC Install error = 0, SysPrepDtcCleanup : Enter, com\complus\dtc\dtc\adme\deployment.cpp (1939) 
11-27-2020 10:42 : DTC Install error = 0, SysPrepDtcCleanup : Exit, com\complus\dtc\dtc\adme\deployment.cpp (2004) 
11-27-2020 10:42 : DTC Install error = 0, InstallContacts, Enter, com\complus\dtc\dtc\adme\deployment.cpp (321) 
11-27-2020 10:42 : DTC Install error = 0, InstallContacts, Exit, com\complus\dtc\dtc\adme\deployment.cpp (400) 
11-27-2020 10:42 : DTC Install error = 0, SysPrepDtcGeneralize : Exit, com\complus\dtc\dtc\adme\deployment.cpp (2082) 
11-27-2020 10:42 : DTC Install error = 0, InstallContacts, Enter, com\complus\dtc\dtc\adme\deployment.cpp (321) 
11-27-2020 10:42 : DTC Install error = 0, InstallContacts, Exit, com\complus\dtc\dtc\adme\deployment.cpp (400) 
11-27-2020 10:42 : DTC Install error = 0, SysPrepDtcSpecialize : Exit, com\complus\dtc\dtc\adme\deployment.cpp (2151) 
11-27-2020 11:20 : DTC Install error = 0, SysPrepDtcCleanup : Enter, com\complus\dtc\dtc\adme\deployment.cpp (1939) 
11-27-2020 11:20 : DTC Install error = 0, SysPrepDtcCleanup : Exit, com\complus\dtc\dtc\adme\deployment.cpp (2004) 
11-27-2020 11:21 : DTC Install error = 0, SysPrepDtcGeneralize : Enter, com\complus\dtc\dtc\adme\deployment.cpp (2010) 
11-27-2020 11:21 : DTC Install error = 0, SysPrepDtcCleanup : Enter, com\complus\dtc\dtc\adme\deployment.cpp (1939) 
11-27-2020 11:21 : DTC Install error = 0, SysPrepDtcCleanup : Exit, com\complus\dtc\dtc\adme\deployment.cpp (2004) 
11-27-2020 11:21 : DTC Install error = 0, InstallContacts, Enter, com\complus\dtc\dtc\adme\deployment.cpp (321) 
11-27-2020 11:21 : DTC Install error = 0, InstallContacts, Exit, com\complus\dtc\dtc\adme\deployment.cpp (400) 
11-27-2020 11:21 : DTC Install error = 0, SysPrepDtcGeneralize : Exit, com\complus\dtc\dtc\adme\deployment.cpp (2082) 
11-27-2020 11:23 : DTC Install error = 0, SysPrepDtcSpecialize : Enter, com\complus\dtc\dtc\adme\deployment.cpp (2099) 
11-27-2020 11:23 : DTC Install error = 0, SysPrepDtcGeneralize : Enter, com\complus\dtc\dtc\adme\deployment.cpp (2010) 
11-27-2020 11:23 : DTC Install error = 0, SysPrepDtcCleanup : Enter, com\complus\dtc\dtc\adme\deployment.cpp (1939) 
11-27-2020 11:23 : DTC Install error = 0, SysPrepDtcCleanup : Exit, com\complus\dtc\dtc\adme\deployment.cpp (2004) 
11-27-2020 11:23 : DTC Install error = 0, InstallContacts, Enter, com\complus\dtc\dtc\adme\deployment.cpp (321) 
11-27-2020 11:23 : DTC Install error = 0, InstallContacts, Exit, com\complus\dtc\dtc\adme\deployment.cpp (400) 
11-27-2020 11:23 : DTC Install error = 0, SysPrepDtcGeneralize : Exit, com\complus\dtc\dtc\adme\deployment.cpp (2082) 
11-27-2020 11:23 : DTC Install error = 0, InstallContacts, Enter, com\complus\dtc\dtc\adme\deployment.cpp (321) 
11-27-2020 11:23 : DTC Install error = 0, InstallContacts, Exit, com\complus\dtc\dtc\adme\deployment.cpp (400) 
11-27-2020 11:23 : DTC Install error = 0, SysPrepDtcSpecialize : Exit, com\complus\dtc\dtc\adme\deployment.cpp (2151) 
11-27-2020 11:26 : DTC Install error = 0, SysPrepDtcCleanup : Enter, com\complus\dtc\dtc\adme\deployment.cpp (1939) 
11-27-2020 11:26 : DTC Install error = 0, SysPrepDtcCleanup : Exit, com\complus\dtc\dtc\adme\deployment.cpp (2004) 
11-27-2020 11:27 : DTC Install error = 0, SysPrepDtcGeneralize : Enter, com\complus\dtc\dtc\adme\deployment.cpp (2010) 
11-27-2020 11:27 : DTC Install error = 0, SysPrepDtcCleanup : Enter, com\complus\dtc\dtc\adme\deployment.cpp (1939) 
11-27-2020 11:27 : DTC Install error = 0, SysPrepDtcCleanup : Exit, com\complus\dtc\dtc\adme\deployment.cpp (2004) 
11-27-2020 11:27 : DTC Install error = 0, InstallContacts, Enter, com\complus\dtc\dtc\adme\deployment.cpp (321) 
11-27-2020 11:27 : DTC Install error = 0, InstallContacts, Exit, com\complus\dtc\dtc\adme\deployment.cpp (400) 
11-27-2020 11:27 : DTC Install error = 0, SysPrepDtcGeneralize : Exit, com\complus\dtc\dtc\adme\deployment.cpp (2082) 
02-22-2021 11:56 : DTC Install error = 0, SysPrepDtcSpecialize : Enter, com\complus\dtc\dtc\adme\deployment.cpp (2099) 
02-22-2021 11:56 : DTC Install error = 0, SysPrepDtcGeneralize : Enter, com\complus\dtc\dtc\adme\deployment.cpp (2010) 
02-22-2021 11:56 : DTC Install error = 0, SysPrepDtcCleanup : Enter, com\complus\dtc\dtc\adme\deployment.cpp (1939) 
02-22-2021 11:56 : DTC Install error = 0, SysPrepDtcCleanup : Exit, com\complus\dtc\dtc\adme\deployment.cpp (2004) 
02-22-2021 11:56 : DTC Install error = 0, InstallContacts, Enter, com\complus\dtc\dtc\adme\deployment.cpp (321) 
02-22-2021 11:56 : DTC Install error = 0, InstallContacts, Exit, com\complus\dtc\dtc\adme\deployment.cpp (400) 
02-22-2021 11:56 : DTC Install error = 0, SysPrepDtcGeneralize : Exit, com\complus\dtc\dtc\adme\deployment.cpp (2082) 
02-22-2021 11:56 : DTC Install error = 0, InstallContacts, Enter, com\complus\dtc\dtc\adme\deployment.cpp (321) 
02-22-2021 11:56 : DTC Install error = 0, InstallContacts, Exit, com\complus\dtc\dtc\adme\deployment.cpp (400) 
02-22-2021 11:56 : DTC Install error = 0, SysPrepDtcSpecialize : Exit, com\complus\dtc\dtc\adme\deployment.cpp (2151) 
12-04-2021 02:19 : DTC Install error = 0, SysPrepDtcOfflineSpecialize called on OS >= Win8, indicating no need to call online Specialize, com\complus\dtc\dtc\msdtcspoffln\spplugin.cpp (131) 
